Started GET "/" for 127.0.0.1 at 2019-10-24 19:59:24 +0800
  [1m[35m (1.1ms)[0m  [1m[34mSELECT sqlite_version(*)[0m
  
ActiveRecord::PendingMigrationError (

Migrations are pending. To resolve this issue, run:

        rails db:migrate RAILS_ENV=development

):
  
activerecord (6.0.0) lib/active_record/migration.rb:587:in `check_pending!'
activerecord (6.0.0) lib/active_record/migration.rb:564:in `call'
actionpack (6.0.0) lib/action_dispatch/middleware/callbacks.rb:27:in `block in call'
activesupport (6.0.0) lib/active_support/callbacks.rb:101:in `run_callbacks'
actionpack (6.0.0) lib/action_dispatch/middleware/callbacks.rb:26:in `call'
actionpack (6.0.0) lib/action_dispatch/middleware/executor.rb:14:in `call'
actionpack (6.0.0) lib/action_dispatch/middleware/actionable_exceptions.rb:17:in `call'
actionpack (6.0.0) lib/action_dispatch/middleware/debug_exceptions.rb:32:in `call'
web-console (4.0.1) lib/web_console/middleware.rb:132:in `call_app'
web-console (4.0.1) lib/web_console/middleware.rb:28:in `block in call'
web-console (4.0.1) lib/web_console/middleware.rb:17:in `catch'
web-console (4.0.1) lib/web_console/middleware.rb:17:in `call'
actionpack (6.0.0) lib/action_dispatch/middleware/show_exceptions.rb:33:in `call'
railties (6.0.0) lib/rails/rack/logger.rb:38:in `call_app'
railties (6.0.0) lib/rails/rack/logger.rb:26:in `block in call'
activesupport (6.0.0) lib/active_support/tagged_logging.rb:80:in `block in tagged'
activesupport (6.0.0) lib/active_support/tagged_logging.rb:28:in `tagged'
activesupport (6.0.0) lib/active_support/tagged_logging.rb:80:in `tagged'
railties (6.0.0) lib/rails/rack/logger.rb:26:in `call'
sprockets-rails (3.2.1) lib/sprockets/rails/quiet_assets.rb:13:in `call'
actionpack (6.0.0) lib/action_dispatch/middleware/remote_ip.rb:81:in `call'
actionpack (6.0.0) lib/action_dispatch/middleware/request_id.rb:27:in `call'
rack (2.0.7) lib/rack/method_override.rb:22:in `call'
rack (2.0.7) lib/rack/runtime.rb:22:in `call'
activesupport (6.0.0) lib/active_support/cache/strategy/local_cache_middleware.rb:29:in `call'
actionpack (6.0.0) lib/action_dispatch/middleware/executor.rb:14:in `call'
actionpack (6.0.0) lib/action_dispatch/middleware/static.rb:126:in `call'
rack (2.0.7) lib/rack/sendfile.rb:111:in `call'
actionpack (6.0.0) lib/action_dispatch/middleware/host_authorization.rb:83:in `call'
webpacker (4.0.7) lib/webpacker/dev_server_proxy.rb:29:in `perform_request'
rack-proxy (0.6.5) lib/rack/proxy.rb:57:in `call'
railties (6.0.0) lib/rails/engine.rb:526:in `call'
puma (3.12.1) lib/puma/configuration.rb:227:in `call'
puma (3.12.1) lib/puma/server.rb:660:in `handle_request'
puma (3.12.1) lib/puma/server.rb:474:in `process_client'
puma (3.12.1) lib/puma/server.rb:334:in `block in run'
puma (3.12.1) lib/puma/thread_pool.rb:135:in `block in spawn_thread'
  [1m[35m (0.3ms)[0m  [1m[34mSELECT sqlite_version(*)[0m
  [1m[35m (171.9ms)[0m  [1m[35mCREATE TABLE "schema_migrations" ("version" varchar NOT NULL PRIMARY KEY)[0m
  [1m[35m (105.1ms)[0m  [1m[35mCREATE TABLE "ar_internal_metadata" ("key" varchar NOT NULL PRIMARY KEY, "value" varchar, "created_at" datetime(6) NOT NULL, "updated_at" datetime(6) NOT NULL)[0m
  [1m[35m (0.2ms)[0m  [1m[34mSELECT "schema_migrations"."version" FROM "schema_migrations" ORDER BY "schema_migrations"."version" ASC[0m
Migrating to CreateProducts (20191018171055)
  [1m[35m (0.1ms)[0m  [1m[36mbegin transaction[0m
  [1m[35m (0.3ms)[0m  [1m[35mCREATE TABLE "products" ("id" integer PRIMARY KEY AUTOINCREMENT NOT NULL, "title" varchar, "description" text, "image_url" varchar, "price" decimal, "created_at" datetime(6) NOT NULL, "updated_at" datetime(6) NOT NULL)[0m
  [1m[36mprimary::SchemaMigration Create (0.2ms)[0m  [1m[32mINSERT INTO "schema_migrations" ("version") VALUES (?)[0m  [["version", "20191018171055"]]
  [1m[35m (107.7ms)[0m  [1m[36mcommit transaction[0m
Migrating to CreateCarts (20191020153546)
  [1m[35m (0.1ms)[0m  [1m[36mbegin transaction[0m
  [1m[35m (0.7ms)[0m  [1m[35mCREATE TABLE "carts" ("id" integer PRIMARY KEY AUTOINCREMENT NOT NULL, "created_at" datetime(6) NOT NULL, "updated_at" datetime(6) NOT NULL)[0m
  [1m[36mprimary::SchemaMigration Create (0.1ms)[0m  [1m[32mINSERT INTO "schema_migrations" ("version") VALUES (?)[0m  [["version", "20191020153546"]]
  [1m[35m (99.1ms)[0m  [1m[36mcommit transaction[0m
Migrating to CreateLineItems (20191021142336)
  [1m[35m (0.1ms)[0m  [1m[36mbegin transaction[0m
  [1m[35m (0.8ms)[0m  [1m[35mCREATE TABLE "line_items" ("id" integer PRIMARY KEY AUTOINCREMENT NOT NULL, "product_id" integer NOT NULL, "cart_id" integer NOT NULL, "created_at" datetime(6) NOT NULL, "updated_at" datetime(6) NOT NULL, CONSTRAINT "fk_rails_11e15d5c6b"
FOREIGN KEY ("product_id")
  REFERENCES "products" ("id")
, CONSTRAINT "fk_rails_af645e8e5f"
FOREIGN KEY ("cart_id")
  REFERENCES "carts" ("id")
)[0m
  [1m[35m (0.1ms)[0m  [1m[35mCREATE  INDEX "index_line_items_on_product_id" ON "line_items" ("product_id")[0m
  [1m[35m (0.1ms)[0m  [1m[35mCREATE  INDEX "index_line_items_on_cart_id" ON "line_items" ("cart_id")[0m
  [1m[36mprimary::SchemaMigration Create (0.1ms)[0m  [1m[32mINSERT INTO "schema_migrations" ("version") VALUES (?)[0m  [["version", "20191021142336"]]
  [1m[35m (96.0ms)[0m  [1m[36mcommit transaction[0m
Migrating to AddQuantityToLineItems (20191021145309)
  [1m[35m (0.1ms)[0m  [1m[36mbegin transaction[0m
  [1m[35m (0.9ms)[0m  [1m[35mALTER TABLE "line_items" ADD "quantity" integer DEFAULT 1[0m
  [1m[36mprimary::SchemaMigration Create (0.2ms)[0m  [1m[32mINSERT INTO "schema_migrations" ("version") VALUES (?)[0m  [["version", "20191021145309"]]
  [1m[35m (77.4ms)[0m  [1m[36mcommit transaction[0m
Migrating to CombineItemsInCart (20191021145922)
  [1m[35m (0.1ms)[0m  [1m[36mbegin transaction[0m
  [1m[36mCart Load (0.2ms)[0m  [1m[34mSELECT "carts".* FROM "carts"[0m
  [1m[36mprimary::SchemaMigration Create (0.2ms)[0m  [1m[32mINSERT INTO "schema_migrations" ("version") VALUES (?)[0m  [["version", "20191021145922"]]
  [1m[35m (65.2ms)[0m  [1m[36mcommit transaction[0m
  [1m[36mActiveRecord::InternalMetadata Load (0.2ms)[0m  [1m[34mSELECT "ar_internal_metadata".* FROM "ar_internal_metadata" WHERE "ar_internal_metadata"."key" = ? LIMIT ?[0m  [["key", "environment"], ["LIMIT", 1]]
  [1m[35m (0.1ms)[0m  [1m[36mbegin transaction[0m
  [1m[36mActiveRecord::InternalMetadata Create (0.9ms)[0m  [1m[32mINSERT INTO "ar_internal_metadata" ("key", "value", "created_at", "updated_at") VALUES (?, ?, ?, ?)[0m  [["key", "environment"], ["value", "development"], ["created_at", "2019-10-24 11:59:56.331992"], ["updated_at", "2019-10-24 11:59:56.331992"]]
  [1m[35m (59.1ms)[0m  [1m[36mcommit transaction[0m
  [1m[35m (0.1ms)[0m  [1m[34mSELECT sqlite_version(*)[0m
  [1m[35m (0.2ms)[0m  [1m[34mSELECT "schema_migrations"."version" FROM "schema_migrations" ORDER BY "schema_migrations"."version" ASC[0m
Started GET "/" for 127.0.0.1 at 2019-10-24 20:00:17 +0800
  [1m[35m (0.4ms)[0m  [1m[34mSELECT sqlite_version(*)[0m
  [1m[35m (0.2ms)[0m  [1m[34mSELECT "schema_migrations"."version" FROM "schema_migrations" ORDER BY "schema_migrations"."version" ASC[0m
Processing by StoreController#index as HTML
  Rendering store/index.html.erb within layouts/application
  [1m[36mProduct Load (0.2ms)[0m  [1m[34mSELECT "products".* FROM "products" ORDER BY "products"."title" ASC[0m
  ↳ app/views/store/index.html.erb:9
  Rendered store/index.html.erb within layouts/application (Duration: 1.8ms | Allocations: 1085)
[Webpacker] Compiling…
[Webpacker] Compiled all packs in /home/yayar/depot/public/packs
Completed 200 OK in 4242ms (Views: 4231.1ms | ActiveRecord: 0.9ms | Allocations: 1333318)


Started GET "/" for 127.0.0.1 at 2019-10-24 20:00:38 +0800
Processing by StoreController#index as HTML
  Rendering store/index.html.erb within layouts/application
  [1m[36mProduct Load (0.2ms)[0m  [1m[34mSELECT "products".* FROM "products" ORDER BY "products"."title" ASC[0m
  ↳ app/views/store/index.html.erb:9
  Rendered store/index.html.erb within layouts/application (Duration: 1.2ms | Allocations: 625)
Completed 200 OK in 12ms (Views: 11.1ms | ActiveRecord: 0.2ms | Allocations: 8992)


Started GET "/" for 127.0.0.1 at 2019-10-24 20:00:40 +0800
Processing by StoreController#index as HTML
  Rendering store/index.html.erb within layouts/application
  [1m[36mProduct Load (0.3ms)[0m  [1m[34mSELECT "products".* FROM "products" ORDER BY "products"."title" ASC[0m
  ↳ app/views/store/index.html.erb:9
  Rendered store/index.html.erb within layouts/application (Duration: 2.0ms | Allocations: 595)
Completed 200 OK in 18ms (Views: 16.6ms | ActiveRecord: 0.3ms | Allocations: 8932)


Started GET "/" for 127.0.0.1 at 2019-10-24 20:00:41 +0800
Processing by StoreController#index as HTML
  Rendering store/index.html.erb within layouts/application
  [1m[36mProduct Load (0.2ms)[0m  [1m[34mSELECT "products".* FROM "products" ORDER BY "products"."title" ASC[0m
  ↳ app/views/store/index.html.erb:9
  Rendered store/index.html.erb within layouts/application (Duration: 1.9ms | Allocations: 595)
Completed 200 OK in 17ms (Views: 15.0ms | ActiveRecord: 0.2ms | Allocations: 8940)


Started GET "/" for 127.0.0.1 at 2019-10-24 20:00:43 +0800
Processing by StoreController#index as HTML
  Rendering store/index.html.erb within layouts/application
  [1m[36mProduct Load (0.1ms)[0m  [1m[34mSELECT "products".* FROM "products" ORDER BY "products"."title" ASC[0m
  ↳ app/views/store/index.html.erb:9
  Rendered store/index.html.erb within layouts/application (Duration: 1.8ms | Allocations: 592)
Completed 200 OK in 26ms (Views: 25.3ms | ActiveRecord: 0.1ms | Allocations: 8925)


Started GET "/" for 127.0.0.1 at 2019-10-24 20:00:55 +0800
Processing by StoreController#index as HTML
  Rendering store/index.html.erb within layouts/application
  [1m[36mProduct Load (0.2ms)[0m  [1m[34mSELECT "products".* FROM "products" ORDER BY "products"."title" ASC[0m
  ↳ app/views/store/index.html.erb:9
  Rendered store/index.html.erb within layouts/application (Duration: 2.1ms | Allocations: 615)
Completed 200 OK in 32ms (Views: 29.5ms | ActiveRecord: 0.2ms | Allocations: 8947)


Started GET "/" for 127.0.0.1 at 2019-10-24 20:00:57 +0800
Processing by StoreController#index as HTML
  Rendering store/index.html.erb within layouts/application
  [1m[36mProduct Load (0.2ms)[0m  [1m[34mSELECT "products".* FROM "products" ORDER BY "products"."title" ASC[0m
  ↳ app/views/store/index.html.erb:9
  Rendered store/index.html.erb within layouts/application (Duration: 0.9ms | Allocations: 617)
Completed 200 OK in 11ms (Views: 9.9ms | ActiveRecord: 0.2ms | Allocations: 8951)


Started GET "/" for 127.0.0.1 at 2019-10-24 20:02:10 +0800
Processing by StoreController#index as HTML
  Rendering store/index.html.erb within layouts/application
  [1m[36mProduct Load (0.2ms)[0m  [1m[34mSELECT "products".* FROM "products" ORDER BY "products"."title" ASC[0m
  ↳ app/views/store/index.html.erb:9
  Rendered store/index.html.erb within layouts/application (Duration: 1.9ms | Allocations: 592)
Completed 200 OK in 10ms (Views: 9.3ms | ActiveRecord: 0.2ms | Allocations: 8928)


Started GET "/" for 127.0.0.1 at 2019-10-24 20:02:10 +0800
Processing by StoreController#index as HTML
  Rendering store/index.html.erb within layouts/application
  [1m[36mProduct Load (0.1ms)[0m  [1m[34mSELECT "products".* FROM "products" ORDER BY "products"."title" ASC[0m
  ↳ app/views/store/index.html.erb:9
  Rendered store/index.html.erb within layouts/application (Duration: 1.1ms | Allocations: 592)
Completed 200 OK in 17ms (Views: 15.7ms | ActiveRecord: 0.1ms | Allocations: 10741)


Started GET "/" for 127.0.0.1 at 2019-10-24 20:02:11 +0800
Processing by StoreController#index as HTML
  Rendering store/index.html.erb within layouts/application
  [1m[36mProduct Load (0.2ms)[0m  [1m[34mSELECT "products".* FROM "products" ORDER BY "products"."title" ASC[0m
  ↳ app/views/store/index.html.erb:9
  Rendered store/index.html.erb within layouts/application (Duration: 2.1ms | Allocations: 599)
Completed 200 OK in 20ms (Views: 18.3ms | ActiveRecord: 0.2ms | Allocations: 10869)


Started GET "/questions" for 127.0.0.1 at 2019-10-24 20:02:13 +0800
  
ActionController::RoutingError (No route matches [GET] "/questions"):
  
actionpack (6.0.0) lib/action_dispatch/middleware/debug_exceptions.rb:36:in `call'
web-console (4.0.1) lib/web_console/middleware.rb:132:in `call_app'
web-console (4.0.1) lib/web_console/middleware.rb:28:in `block in call'
web-console (4.0.1) lib/web_console/middleware.rb:17:in `catch'
web-console (4.0.1) lib/web_console/middleware.rb:17:in `call'
actionpack (6.0.0) lib/action_dispatch/middleware/show_exceptions.rb:33:in `call'
railties (6.0.0) lib/rails/rack/logger.rb:38:in `call_app'
railties (6.0.0) lib/rails/rack/logger.rb:26:in `block in call'
activesupport (6.0.0) lib/active_support/tagged_logging.rb:80:in `block in tagged'
activesupport (6.0.0) lib/active_support/tagged_logging.rb:28:in `tagged'
activesupport (6.0.0) lib/active_support/tagged_logging.rb:80:in `tagged'
railties (6.0.0) lib/rails/rack/logger.rb:26:in `call'
sprockets-rails (3.2.1) lib/sprockets/rails/quiet_assets.rb:13:in `call'
actionpack (6.0.0) lib/action_dispatch/middleware/remote_ip.rb:81:in `call'
actionpack (6.0.0) lib/action_dispatch/middleware/request_id.rb:27:in `call'
rack (2.0.7) lib/rack/method_override.rb:22:in `call'
rack (2.0.7) lib/rack/runtime.rb:22:in `call'
activesupport (6.0.0) lib/active_support/cache/strategy/local_cache_middleware.rb:29:in `call'
actionpack (6.0.0) lib/action_dispatch/middleware/executor.rb:14:in `call'
actionpack (6.0.0) lib/action_dispatch/middleware/static.rb:126:in `call'
rack (2.0.7) lib/rack/sendfile.rb:111:in `call'
actionpack (6.0.0) lib/action_dispatch/middleware/host_authorization.rb:83:in `call'
webpacker (4.0.7) lib/webpacker/dev_server_proxy.rb:29:in `perform_request'
rack-proxy (0.6.5) lib/rack/proxy.rb:57:in `call'
railties (6.0.0) lib/rails/engine.rb:526:in `call'
puma (3.12.1) lib/puma/configuration.rb:227:in `call'
puma (3.12.1) lib/puma/server.rb:660:in `handle_request'
puma (3.12.1) lib/puma/server.rb:474:in `process_client'
puma (3.12.1) lib/puma/server.rb:334:in `block in run'
puma (3.12.1) lib/puma/thread_pool.rb:135:in `block in spawn_thread'
Started GET "/" for 127.0.0.1 at 2019-10-24 20:02:16 +0800
Processing by StoreController#index as HTML
  Rendering store/index.html.erb within layouts/application
  [1m[36mProduct Load (0.1ms)[0m  [1m[34mSELECT "products".* FROM "products" ORDER BY "products"."title" ASC[0m
  ↳ app/views/store/index.html.erb:9
  Rendered store/index.html.erb within layouts/application (Duration: 1.3ms | Allocations: 602)
Completed 200 OK in 9ms (Views: 8.5ms | ActiveRecord: 0.1ms | Allocations: 8951)


Started GET "/" for 127.0.0.1 at 2019-10-24 20:02:19 +0800
Processing by StoreController#index as HTML
  Rendering store/index.html.erb within layouts/application
  [1m[36mProduct Load (0.2ms)[0m  [1m[34mSELECT "products".* FROM "products" ORDER BY "products"."title" ASC[0m
  ↳ app/views/store/index.html.erb:9
  Rendered store/index.html.erb within layouts/application (Duration: 1.5ms | Allocations: 594)
Completed 200 OK in 12ms (Views: 9.9ms | ActiveRecord: 0.2ms | Allocations: 8924)


Started GET "/questions" for 127.0.0.1 at 2019-10-24 20:02:22 +0800
  
ActionController::RoutingError (No route matches [GET] "/questions"):
  
actionpack (6.0.0) lib/action_dispatch/middleware/debug_exceptions.rb:36:in `call'
web-console (4.0.1) lib/web_console/middleware.rb:132:in `call_app'
web-console (4.0.1) lib/web_console/middleware.rb:28:in `block in call'
web-console (4.0.1) lib/web_console/middleware.rb:17:in `catch'
web-console (4.0.1) lib/web_console/middleware.rb:17:in `call'
actionpack (6.0.0) lib/action_dispatch/middleware/show_exceptions.rb:33:in `call'
railties (6.0.0) lib/rails/rack/logger.rb:38:in `call_app'
railties (6.0.0) lib/rails/rack/logger.rb:26:in `block in call'
activesupport (6.0.0) lib/active_support/tagged_logging.rb:80:in `block in tagged'
activesupport (6.0.0) lib/active_support/tagged_logging.rb:28:in `tagged'
activesupport (6.0.0) lib/active_support/tagged_logging.rb:80:in `tagged'
railties (6.0.0) lib/rails/rack/logger.rb:26:in `call'
sprockets-rails (3.2.1) lib/sprockets/rails/quiet_assets.rb:13:in `call'
actionpack (6.0.0) lib/action_dispatch/middleware/remote_ip.rb:81:in `call'
actionpack (6.0.0) lib/action_dispatch/middleware/request_id.rb:27:in `call'
rack (2.0.7) lib/rack/method_override.rb:22:in `call'
rack (2.0.7) lib/rack/runtime.rb:22:in `call'
activesupport (6.0.0) lib/active_support/cache/strategy/local_cache_middleware.rb:29:in `call'
actionpack (6.0.0) lib/action_dispatch/middleware/executor.rb:14:in `call'
actionpack (6.0.0) lib/action_dispatch/middleware/static.rb:126:in `call'
rack (2.0.7) lib/rack/sendfile.rb:111:in `call'
actionpack (6.0.0) lib/action_dispatch/middleware/host_authorization.rb:83:in `call'
webpacker (4.0.7) lib/webpacker/dev_server_proxy.rb:29:in `perform_request'
rack-proxy (0.6.5) lib/rack/proxy.rb:57:in `call'
railties (6.0.0) lib/rails/engine.rb:526:in `call'
puma (3.12.1) lib/puma/configuration.rb:227:in `call'
puma (3.12.1) lib/puma/server.rb:660:in `handle_request'
puma (3.12.1) lib/puma/server.rb:474:in `process_client'
puma (3.12.1) lib/puma/server.rb:334:in `block in run'
puma (3.12.1) lib/puma/thread_pool.rb:135:in `block in spawn_thread'
Started GET "/" for 127.0.0.1 at 2019-10-24 20:02:24 +0800
Processing by StoreController#index as HTML
  Rendering store/index.html.erb within layouts/application
  [1m[36mProduct Load (0.1ms)[0m  [1m[34mSELECT "products".* FROM "products" ORDER BY "products"."title" ASC[0m
  ↳ app/views/store/index.html.erb:9
  Rendered store/index.html.erb within layouts/application (Duration: 0.8ms | Allocations: 591)
Completed 200 OK in 8ms (Views: 7.1ms | ActiveRecord: 0.1ms | Allocations: 8919)


Started GET "/" for 127.0.0.1 at 2019-10-26 15:47:29 +0800
  [1m[35m (1.0ms)[0m  [1m[34mSELECT sqlite_version(*)[0m
  [1m[35m (0.2ms)[0m  [1m[34mSELECT "schema_migrations"."version" FROM "schema_migrations" ORDER BY "schema_migrations"."version" ASC[0m
Processing by StoreController#index as HTML
  Rendering store/index.html.erb within layouts/application
  [1m[36mProduct Load (15.3ms)[0m  [1m[34mSELECT "products".* FROM "products" ORDER BY "products"."title" ASC[0m
  ↳ app/views/store/index.html.erb:9
  Rendered store/index.html.erb within layouts/application (Duration: 36.2ms | Allocations: 1085)
Completed 200 OK in 2829ms (Views: 2771.4ms | ActiveRecord: 15.5ms | Allocations: 1274287)


Started GET "/contact" for 127.0.0.1 at 2019-10-26 15:48:40 +0800
  
ActionController::RoutingError (No route matches [GET] "/contact"):
  
actionpack (6.0.0) lib/action_dispatch/middleware/debug_exceptions.rb:36:in `call'
web-console (4.0.1) lib/web_console/middleware.rb:132:in `call_app'
web-console (4.0.1) lib/web_console/middleware.rb:28:in `block in call'
web-console (4.0.1) lib/web_console/middleware.rb:17:in `catch'
web-console (4.0.1) lib/web_console/middleware.rb:17:in `call'
actionpack (6.0.0) lib/action_dispatch/middleware/show_exceptions.rb:33:in `call'
railties (6.0.0) lib/rails/rack/logger.rb:38:in `call_app'
railties (6.0.0) lib/rails/rack/logger.rb:26:in `block in call'
activesupport (6.0.0) lib/active_support/tagged_logging.rb:80:in `block in tagged'
activesupport (6.0.0) lib/active_support/tagged_logging.rb:28:in `tagged'
activesupport (6.0.0) lib/active_support/tagged_logging.rb:80:in `tagged'
railties (6.0.0) lib/rails/rack/logger.rb:26:in `call'
sprockets-rails (3.2.1) lib/sprockets/rails/quiet_assets.rb:13:in `call'
actionpack (6.0.0) lib/action_dispatch/middleware/remote_ip.rb:81:in `call'
actionpack (6.0.0) lib/action_dispatch/middleware/request_id.rb:27:in `call'
rack (2.0.7) lib/rack/method_override.rb:22:in `call'
rack (2.0.7) lib/rack/runtime.rb:22:in `call'
activesupport (6.0.0) lib/active_support/cache/strategy/local_cache_middleware.rb:29:in `call'
actionpack (6.0.0) lib/action_dispatch/middleware/executor.rb:14:in `call'
actionpack (6.0.0) lib/action_dispatch/middleware/static.rb:126:in `call'
rack (2.0.7) lib/rack/sendfile.rb:111:in `call'
actionpack (6.0.0) lib/action_dispatch/middleware/host_authorization.rb:83:in `call'
webpacker (4.0.7) lib/webpacker/dev_server_proxy.rb:29:in `perform_request'
rack-proxy (0.6.5) lib/rack/proxy.rb:57:in `call'
railties (6.0.0) lib/rails/engine.rb:526:in `call'
puma (3.12.1) lib/puma/configuration.rb:227:in `call'
puma (3.12.1) lib/puma/server.rb:660:in `handle_request'
puma (3.12.1) lib/puma/server.rb:474:in `process_client'
puma (3.12.1) lib/puma/server.rb:334:in `block in run'
puma (3.12.1) lib/puma/thread_pool.rb:135:in `block in spawn_thread'
Started GET "/" for 127.0.0.1 at 2019-10-26 15:48:42 +0800
Processing by StoreController#index as HTML
  Rendering store/index.html.erb within layouts/application
  [1m[36mProduct Load (0.2ms)[0m  [1m[34mSELECT "products".* FROM "products" ORDER BY "products"."title" ASC[0m
  ↳ app/views/store/index.html.erb:9
  Rendered store/index.html.erb within layouts/application (Duration: 1.0ms | Allocations: 628)
Completed 200 OK in 9ms (Views: 8.2ms | ActiveRecord: 0.2ms | Allocations: 8995)


Started GET "/carts" for 127.0.0.1 at 2019-10-26 15:48:48 +0800
Processing by CartsController#index as HTML
  Rendering carts/index.html.erb within layouts/application
  [1m[36mCart Load (18.5ms)[0m  [1m[34mSELECT "carts".* FROM "carts"[0m
  ↳ app/views/carts/index.html.erb:13
  Rendered carts/index.html.erb within layouts/application (Duration: 31.0ms | Allocations: 1267)
Completed 200 OK in 59ms (Views: 21.8ms | ActiveRecord: 18.9ms | Allocations: 10980)


Started GET "/carts/new" for 127.0.0.1 at 2019-10-26 15:48:52 +0800
Processing by CartsController#new as HTML
  Rendering carts/new.html.erb within layouts/application
  Rendered carts/_form.html.erb (Duration: 95.2ms | Allocations: 3665)
  Rendered carts/new.html.erb within layouts/application (Duration: 110.7ms | Allocations: 4013)
Completed 200 OK in 128ms (Views: 120.7ms | ActiveRecord: 0.8ms | Allocations: 14359)


Started POST "/carts" for 127.0.0.1 at 2019-10-26 15:48:54 +0800
Processing by CartsController#create as HTML
  Parameters: {"authenticity_token"=>"YgiXff4lZK5kgCZ2K35tqjFRKO+qRmV9wzsct10QbXga9aD9SJvhvRqVsKtFN23LVRuMRjQ4KiKyYN/a96KkEw==", "commit"=>"Create Cart"}
  [1m[35m (0.1ms)[0m  [1m[36mbegin transaction[0m
  ↳ app/controllers/carts_controller.rb:31:in `block in create'
  [1m[36mCart Create (45.5ms)[0m  [1m[32mINSERT INTO "carts" ("created_at", "updated_at") VALUES (?, ?)[0m  [["created_at", "2019-10-26 07:48:54.875218"], ["updated_at", "2019-10-26 07:48:54.875218"]]
  ↳ app/controllers/carts_controller.rb:31:in `block in create'
  [1m[35m (116.7ms)[0m  [1m[36mcommit transaction[0m
  ↳ app/controllers/carts_controller.rb:31:in `block in create'
Redirected to http://localhost:3000/carts/1
Completed 302 Found in 176ms (ActiveRecord: 162.3ms | Allocations: 3840)


Started GET "/carts/1" for 127.0.0.1 at 2019-10-26 15:48:55 +0800
Processing by CartsController#show as HTML
  Parameters: {"id"=>"1"}
  [1m[36mCart Load (0.2ms)[0m  [1m[34mSELECT "carts".* FROM "carts" WHERE "carts"."id" = ? LIMIT ?[0m  [["id", 1], ["LIMIT", 1]]
  ↳ app/controllers/carts_controller.rb:70:in `set_cart'
  Rendering carts/show.html.erb within layouts/application
  [1m[36mLineItem Load (0.4ms)[0m  [1m[34mSELECT "line_items".* FROM "line_items" WHERE "line_items"."cart_id" = ?[0m  [["cart_id", 1]]
  ↳ app/views/carts/show.html.erb:8
  Rendered carts/show.html.erb within layouts/application (Duration: 91.5ms | Allocations: 9831)
Completed 200 OK in 121ms (Views: 101.4ms | ActiveRecord: 1.0ms | Allocations: 19144)


Started DELETE "/carts/1" for 127.0.0.1 at 2019-10-26 15:49:06 +0800
Processing by CartsController#destroy as HTML
  Parameters: {"authenticity_token"=>"aNOakAnLn0mckR9200+a7kMAOSi7bUUsA8WuIU6vnQJb7eAoDhCt8c0yuDDhh7skT+csBRRfv1JDvcI5dR6Pmg==", "id"=>"1"}
  [1m[36mCart Load (0.2ms)[0m  [1m[34mSELECT "carts".* FROM "carts" WHERE "carts"."id" = ? LIMIT ?[0m  [["id", 1], ["LIMIT", 1]]
  ↳ app/controllers/carts_controller.rb:70:in `set_cart'
Redirected to http://localhost:3000/
Completed 302 Found in 3ms (ActiveRecord: 0.2ms | Allocations: 934)


Started GET "/" for 127.0.0.1 at 2019-10-26 15:49:06 +0800
Processing by StoreController#index as HTML
  Rendering store/index.html.erb within layouts/application
  [1m[36mProduct Load (0.1ms)[0m  [1m[34mSELECT "products".* FROM "products" ORDER BY "products"."title" ASC[0m
  ↳ app/views/store/index.html.erb:9
  Rendered store/index.html.erb within layouts/application (Duration: 1.0ms | Allocations: 602)
Completed 200 OK in 10ms (Views: 9.0ms | ActiveRecord: 0.1ms | Allocations: 8964)


Started GET "/products" for 127.0.0.1 at 2019-10-26 15:49:17 +0800
Processing by ProductsController#index as HTML
  Rendering products/index.html.erb within layouts/application
  [1m[36mProduct Load (0.2ms)[0m  [1m[34mSELECT "products".* FROM "products"[0m
  ↳ app/views/products/index.html.erb:16
  Rendered products/index.html.erb within layouts/application (Duration: 25.4ms | Allocations: 997)
Completed 200 OK in 36ms (Views: 34.6ms | ActiveRecord: 0.2ms | Allocations: 9922)


Started GET "/products/new" for 127.0.0.1 at 2019-10-26 15:49:22 +0800
Processing by ProductsController#new as HTML
  Rendering products/new.html.erb within layouts/application
  Rendered products/_form.html.erb (Duration: 173.5ms | Allocations: 2508)
  Rendered products/new.html.erb within layouts/application (Duration: 245.0ms | Allocations: 2849)
Completed 200 OK in 260ms (Views: 252.0ms | ActiveRecord: 0.4ms | Allocations: 15334)


Started POST "/products" for 127.0.0.1 at 2019-10-26 15:49:35 +0800
Processing by ProductsController#create as HTML
  Parameters: {"authenticity_token"=>"UuIeYvD5x6Wf8wf9J8PG0QnaMJNcSd//B4vnsAQN5cbsmggxQcIUpLmAycUogC/A79T6wDKc2orx/0fB0Sv0NA==", "product"=>{"title"=>"Books", "description"=>"sd", "image_url"=>"", "price"=>""}, "commit"=>"Create Product"}
  [1m[35m (0.1ms)[0m  [1m[36mbegin transaction[0m
  ↳ app/controllers/products_controller.rb:30:in `block in create'
  [1m[36mProduct Exists? (0.1ms)[0m  [1m[34mSELECT 1 AS one FROM "products" WHERE "products"."title" = ? LIMIT ?[0m  [["title", "Books"], ["LIMIT", 1]]
  ↳ app/controllers/products_controller.rb:30:in `block in create'
  [1m[35m (0.1ms)[0m  [1m[31mrollback transaction[0m
  ↳ app/controllers/products_controller.rb:30:in `block in create'
  Rendering products/new.html.erb within layouts/application
  Rendered products/_form.html.erb (Duration: 2.5ms | Allocations: 1418)
  Rendered products/new.html.erb within layouts/application (Duration: 2.8ms | Allocations: 1509)
Completed 200 OK in 31ms (Views: 26.1ms | ActiveRecord: 0.3ms | Allocations: 13926)


Started POST "/products" for 127.0.0.1 at 2019-10-26 15:50:30 +0800
Processing by ProductsController#create as HTML
  Parameters: {"authenticity_token"=>"aSOqYUrNM33BANg1x4vnJTeBv+wbfUga6dIx3/KMRYJaHdDZTRYBxZCjf3P1Q8bvO2aqwbRPsmSpql3HyT1XGg==", "product"=>{"title"=>"Books", "description"=>"sd", "image_url"=>"7apps.jpg", "price"=>"20$"}, "commit"=>"Create Product"}
  [1m[35m (0.1ms)[0m  [1m[36mbegin transaction[0m
  ↳ app/controllers/products_controller.rb:30:in `block in create'
  [1m[36mProduct Exists? (0.3ms)[0m  [1m[34mSELECT 1 AS one FROM "products" WHERE "products"."title" = ? LIMIT ?[0m  [["title", "Books"], ["LIMIT", 1]]
  ↳ app/controllers/products_controller.rb:30:in `block in create'
  [1m[35m (0.1ms)[0m  [1m[31mrollback transaction[0m
  ↳ app/controllers/products_controller.rb:30:in `block in create'
  Rendering products/new.html.erb within layouts/application
  Rendered products/_form.html.erb (Duration: 2.3ms | Allocations: 1250)
  Rendered products/new.html.erb within layouts/application (Duration: 2.6ms | Allocations: 1341)
Completed 200 OK in 16ms (Views: 9.8ms | ActiveRecord: 0.5ms | Allocations: 13133)


Started POST "/products" for 127.0.0.1 at 2019-10-26 15:50:46 +0800
Processing by ProductsController#create as HTML
  Parameters: {"authenticity_token"=>"AP64Nq2DCWHmBiIpZfnk0LlEnAUXWA0+E2/60twyngIzwMKOqlg72belhW9XMcUataOJKLhq90BTF5bK54OMmg==", "product"=>{"title"=>"Books", "description"=>"sd", "image_url"=>"7apps.jpg", "price"=>"20"}, "commit"=>"Create Product"}
  [1m[35m (0.1ms)[0m  [1m[36mbegin transaction[0m
  ↳ app/controllers/products_controller.rb:30:in `block in create'
  [1m[36mProduct Exists? (0.1ms)[0m  [1m[34mSELECT 1 AS one FROM "products" WHERE "products"."title" = ? LIMIT ?[0m  [["title", "Books"], ["LIMIT", 1]]
  ↳ app/controllers/products_controller.rb:30:in `block in create'
  [1m[36mProduct Create (0.2ms)[0m  [1m[32mINSERT INTO "products" ("title", "description", "image_url", "price", "created_at", "updated_at") VALUES (?, ?, ?, ?, ?, ?)[0m  [["title", "Books"], ["description", "sd"], ["image_url", "7apps.jpg"], ["price", 20.0], ["created_at", "2019-10-26 07:50:46.769618"], ["updated_at", "2019-10-26 07:50:46.769618"]]
  ↳ app/controllers/products_controller.rb:30:in `block in create'
  [1m[35m (229.1ms)[0m  [1m[36mcommit transaction[0m
  ↳ app/controllers/products_controller.rb:30:in `block in create'
Redirected to http://localhost:3000/products/1
Completed 302 Found in 236ms (ActiveRecord: 229.6ms | Allocations: 4804)


Started GET "/products/1" for 127.0.0.1 at 2019-10-26 15:50:47 +0800
Processing by ProductsController#show as HTML
  Parameters: {"id"=>"1"}
  [1m[36mProduct Load (0.2ms)[0m  [1m[34mSELECT "products".* FROM "products" WHERE "products"."id" = ? LIMIT ?[0m  [["id", 1], ["LIMIT", 1]]
  ↳ app/controllers/products_controller.rb:67:in `set_product'
  Rendering products/show.html.erb within layouts/application
  Rendered products/show.html.erb within layouts/application (Duration: 34.0ms | Allocations: 324)
Completed 200 OK in 50ms (Views: 47.6ms | ActiveRecord: 0.2ms | Allocations: 9444)


Started GET "/" for 127.0.0.1 at 2019-10-26 15:50:57 +0800
Processing by StoreController#index as HTML
  Rendering store/index.html.erb within layouts/application
  [1m[36mProduct Load (0.2ms)[0m  [1m[34mSELECT "products".* FROM "products" ORDER BY "products"."title" ASC[0m
  ↳ app/views/store/index.html.erb:9
  Rendered store/index.html.erb within layouts/application (Duration: 4.7ms | Allocations: 1606)
Completed 200 OK in 17ms (Views: 15.8ms | ActiveRecord: 0.2ms | Allocations: 9841)


Started GET "/news" for 127.0.0.1 at 2019-10-26 15:59:44 +0800
  [1m[35m (0.2ms)[0m  [1m[34mSELECT sqlite_version(*)[0m
  
ActionController::RoutingError (No route matches [GET] "/news"):
  
actionpack (6.0.0) lib/action_dispatch/middleware/debug_exceptions.rb:36:in `call'
web-console (4.0.1) lib/web_console/middleware.rb:132:in `call_app'
web-console (4.0.1) lib/web_console/middleware.rb:28:in `block in call'
web-console (4.0.1) lib/web_console/middleware.rb:17:in `catch'
web-console (4.0.1) lib/web_console/middleware.rb:17:in `call'
actionpack (6.0.0) lib/action_dispatch/middleware/show_exceptions.rb:33:in `call'
railties (6.0.0) lib/rails/rack/logger.rb:38:in `call_app'
railties (6.0.0) lib/rails/rack/logger.rb:26:in `block in call'
activesupport (6.0.0) lib/active_support/tagged_logging.rb:80:in `block in tagged'
activesupport (6.0.0) lib/active_support/tagged_logging.rb:28:in `tagged'
activesupport (6.0.0) lib/active_support/tagged_logging.rb:80:in `tagged'
railties (6.0.0) lib/rails/rack/logger.rb:26:in `call'
sprockets-rails (3.2.1) lib/sprockets/rails/quiet_assets.rb:13:in `call'
actionpack (6.0.0) lib/action_dispatch/middleware/remote_ip.rb:81:in `call'
actionpack (6.0.0) lib/action_dispatch/middleware/request_id.rb:27:in `call'
rack (2.0.7) lib/rack/method_override.rb:22:in `call'
rack (2.0.7) lib/rack/runtime.rb:22:in `call'
activesupport (6.0.0) lib/active_support/cache/strategy/local_cache_middleware.rb:29:in `call'
actionpack (6.0.0) lib/action_dispatch/middleware/executor.rb:14:in `call'
actionpack (6.0.0) lib/action_dispatch/middleware/static.rb:126:in `call'
rack (2.0.7) lib/rack/sendfile.rb:111:in `call'
actionpack (6.0.0) lib/action_dispatch/middleware/host_authorization.rb:83:in `call'
webpacker (4.0.7) lib/webpacker/dev_server_proxy.rb:29:in `perform_request'
rack-proxy (0.6.5) lib/rack/proxy.rb:57:in `call'
railties (6.0.0) lib/rails/engine.rb:526:in `call'
puma (3.12.1) lib/puma/configuration.rb:227:in `call'
puma (3.12.1) lib/puma/server.rb:660:in `handle_request'
puma (3.12.1) lib/puma/server.rb:474:in `process_client'
puma (3.12.1) lib/puma/server.rb:334:in `block in run'
puma (3.12.1) lib/puma/thread_pool.rb:135:in `block in spawn_thread'
Started GET "/" for 127.0.0.1 at 2019-10-26 15:59:46 +0800
Processing by StoreController#index as HTML
  Rendering store/index.html.erb within layouts/application
  [1m[36mProduct Load (0.3ms)[0m  [1m[34mSELECT "products".* FROM "products" ORDER BY "products"."title" ASC[0m
  ↳ app/views/store/index.html.erb:9
  Rendered store/index.html.erb within layouts/application (Duration: 2.9ms | Allocations: 1618)
Completed 200 OK in 12ms (Views: 10.9ms | ActiveRecord: 0.3ms | Allocations: 9865)


Started GET "/" for 127.0.0.1 at 2019-10-26 16:31:22 +0800
  [1m[35m (0.1ms)[0m  [1m[34mSELECT sqlite_version(*)[0m
Processing by StoreController#index as HTML
  Rendering store/index.html.erb within layouts/application
  [1m[36mProduct Load (0.2ms)[0m  [1m[34mSELECT "products".* FROM "products" ORDER BY "products"."title" ASC[0m
  ↳ app/views/store/index.html.erb:9
  Rendered store/index.html.erb within layouts/application (Duration: 2.8ms | Allocations: 1614)
Completed 200 OK in 14ms (Views: 12.7ms | ActiveRecord: 0.2ms | Allocations: 9834)


Started GET "/questions" for 127.0.0.1 at 2019-10-26 16:31:23 +0800
  
ActionController::RoutingError (No route matches [GET] "/questions"):
  
actionpack (6.0.0) lib/action_dispatch/middleware/debug_exceptions.rb:36:in `call'
web-console (4.0.1) lib/web_console/middleware.rb:132:in `call_app'
web-console (4.0.1) lib/web_console/middleware.rb:28:in `block in call'
web-console (4.0.1) lib/web_console/middleware.rb:17:in `catch'
web-console (4.0.1) lib/web_console/middleware.rb:17:in `call'
actionpack (6.0.0) lib/action_dispatch/middleware/show_exceptions.rb:33:in `call'
railties (6.0.0) lib/rails/rack/logger.rb:38:in `call_app'
railties (6.0.0) lib/rails/rack/logger.rb:26:in `block in call'
activesupport (6.0.0) lib/active_support/tagged_logging.rb:80:in `block in tagged'
activesupport (6.0.0) lib/active_support/tagged_logging.rb:28:in `tagged'
activesupport (6.0.0) lib/active_support/tagged_logging.rb:80:in `tagged'
railties (6.0.0) lib/rails/rack/logger.rb:26:in `call'
sprockets-rails (3.2.1) lib/sprockets/rails/quiet_assets.rb:13:in `call'
actionpack (6.0.0) lib/action_dispatch/middleware/remote_ip.rb:81:in `call'
actionpack (6.0.0) lib/action_dispatch/middleware/request_id.rb:27:in `call'
rack (2.0.7) lib/rack/method_override.rb:22:in `call'
rack (2.0.7) lib/rack/runtime.rb:22:in `call'
activesupport (6.0.0) lib/active_support/cache/strategy/local_cache_middleware.rb:29:in `call'
actionpack (6.0.0) lib/action_dispatch/middleware/executor.rb:14:in `call'
actionpack (6.0.0) lib/action_dispatch/middleware/static.rb:126:in `call'
rack (2.0.7) lib/rack/sendfile.rb:111:in `call'
actionpack (6.0.0) lib/action_dispatch/middleware/host_authorization.rb:83:in `call'
webpacker (4.0.7) lib/webpacker/dev_server_proxy.rb:29:in `perform_request'
rack-proxy (0.6.5) lib/rack/proxy.rb:57:in `call'
railties (6.0.0) lib/rails/engine.rb:526:in `call'
puma (3.12.1) lib/puma/configuration.rb:227:in `call'
puma (3.12.1) lib/puma/server.rb:660:in `handle_request'
puma (3.12.1) lib/puma/server.rb:474:in `process_client'
puma (3.12.1) lib/puma/server.rb:334:in `block in run'
puma (3.12.1) lib/puma/thread_pool.rb:135:in `block in spawn_thread'
Started GET "/" for 127.0.0.1 at 2019-10-26 16:31:25 +0800
Processing by StoreController#index as HTML
  Rendering store/index.html.erb within layouts/application
  [1m[36mProduct Load (0.1ms)[0m  [1m[34mSELECT "products".* FROM "products" ORDER BY "products"."title" ASC[0m
  ↳ app/views/store/index.html.erb:9
  Rendered store/index.html.erb within layouts/application (Duration: 3.1ms | Allocations: 1595)
Completed 200 OK in 27ms (Views: 26.0ms | ActiveRecord: 0.1ms | Allocations: 9839)


Started GET "/news" for 127.0.0.1 at 2019-10-26 16:31:26 +0800
  
ActionController::RoutingError (No route matches [GET] "/news"):
  
actionpack (6.0.0) lib/action_dispatch/middleware/debug_exceptions.rb:36:in `call'
web-console (4.0.1) lib/web_console/middleware.rb:132:in `call_app'
web-console (4.0.1) lib/web_console/middleware.rb:28:in `block in call'
web-console (4.0.1) lib/web_console/middleware.rb:17:in `catch'
web-console (4.0.1) lib/web_console/middleware.rb:17:in `call'
actionpack (6.0.0) lib/action_dispatch/middleware/show_exceptions.rb:33:in `call'
railties (6.0.0) lib/rails/rack/logger.rb:38:in `call_app'
railties (6.0.0) lib/rails/rack/logger.rb:26:in `block in call'
activesupport (6.0.0) lib/active_support/tagged_logging.rb:80:in `block in tagged'
activesupport (6.0.0) lib/active_support/tagged_logging.rb:28:in `tagged'
activesupport (6.0.0) lib/active_support/tagged_logging.rb:80:in `tagged'
railties (6.0.0) lib/rails/rack/logger.rb:26:in `call'
sprockets-rails (3.2.1) lib/sprockets/rails/quiet_assets.rb:13:in `call'
actionpack (6.0.0) lib/action_dispatch/middleware/remote_ip.rb:81:in `call'
actionpack (6.0.0) lib/action_dispatch/middleware/request_id.rb:27:in `call'
rack (2.0.7) lib/rack/method_override.rb:22:in `call'
rack (2.0.7) lib/rack/runtime.rb:22:in `call'
activesupport (6.0.0) lib/active_support/cache/strategy/local_cache_middleware.rb:29:in `call'
actionpack (6.0.0) lib/action_dispatch/middleware/executor.rb:14:in `call'
actionpack (6.0.0) lib/action_dispatch/middleware/static.rb:126:in `call'
rack (2.0.7) lib/rack/sendfile.rb:111:in `call'
actionpack (6.0.0) lib/action_dispatch/middleware/host_authorization.rb:83:in `call'
webpacker (4.0.7) lib/webpacker/dev_server_proxy.rb:29:in `perform_request'
rack-proxy (0.6.5) lib/rack/proxy.rb:57:in `call'
railties (6.0.0) lib/rails/engine.rb:526:in `call'
puma (3.12.1) lib/puma/configuration.rb:227:in `call'
puma (3.12.1) lib/puma/server.rb:660:in `handle_request'
puma (3.12.1) lib/puma/server.rb:474:in `process_client'
puma (3.12.1) lib/puma/server.rb:334:in `block in run'
puma (3.12.1) lib/puma/thread_pool.rb:135:in `block in spawn_thread'
Started GET "/" for 127.0.0.1 at 2019-10-26 16:31:28 +0800
Processing by StoreController#index as HTML
  Rendering store/index.html.erb within layouts/application
  [1m[36mProduct Load (0.3ms)[0m  [1m[34mSELECT "products".* FROM "products" ORDER BY "products"."title" ASC[0m
  ↳ app/views/store/index.html.erb:9
  Rendered store/index.html.erb within layouts/application (Duration: 3.3ms | Allocations: 1614)
Completed 200 OK in 14ms (Views: 12.7ms | ActiveRecord: 0.3ms | Allocations: 9846)


